2025-03-16 12:10:13,295 - INFO - Starting embedding experiments script
2025-03-16 12:10:31,808 - INFO - Successfully imported custom modules
2025-03-16 12:10:31,808 - INFO - Script called from command line
2025-03-16 12:10:31,809 - INFO - Parsing arguments...
2025-03-16 12:10:31,811 - INFO - ================================================================================
2025-03-16 12:10:31,811 - INFO - Embedding-Enhanced Token Pair Bidirectional Validation
2025-03-16 12:10:31,812 - INFO - ================================================================================
2025-03-16 12:10:31,812 - INFO - Arguments: {'modelset': './modelset-dataset', 'output': 'results', 'experiment': 'all', 'domain': None, 'limit': 5}
2025-03-16 12:10:31,812 - INFO - Creating output directory: results
2025-03-16 12:10:31,813 - INFO - Creating figures directory: results\figures
2025-03-16 12:10:31,813 - INFO - Running basic experiment with modelset=./modelset-dataset
2025-03-16 12:10:31,813 - INFO - 
Running Embedding-Enhanced Basic Experiment...
2025-03-16 12:10:31,813 - INFO - Initializing components...
2025-03-16 12:10:35,224 - INFO - Components initialized
2025-03-16 12:10:35,224 - INFO - Getting transformation pairs...
2025-03-16 12:10:35,225 - INFO - Found 5 transformation pairs
2025-03-16 12:10:35,226 - INFO - 
Processing pair 1: rental Translation
2025-03-16 12:10:35,237 - INFO -   Loaded source model: repo-genmymodel-uml/data/9b2e0b1c-0754-4ee7-9953-c866f5cd32a6.xmi (uml)
2025-03-16 12:10:35,237 - INFO -   Loaded target model: repo-ecore-all/data/artist-project/ARTIST/source/Tooling/migration/application-discovery-understanding/MUT/Component_Viewpoint_MOMoT/org.eclipse.emf.henshin.examples/src/org/eclipse/emf/henshin/examples/ecore2rdb/CarRental.ecore (ecore)
2025-03-16 12:10:35,237 - INFO -   Generating embeddings for models...
2025-03-16 12:10:36,113 - INFO -   Converted source model to 7 token pairs
2025-03-16 12:10:36,113 - INFO -   Converted target model to 7 token pairs
2025-03-16 12:10:36,114 - INFO -   Created 1 transformation rules
2025-03-16 12:10:39,951 - INFO -   Regular Forward Validation: 0.9048
2025-03-16 12:10:39,959 - INFO -   Regular Backward Validation: 0.9680
2025-03-16 12:10:39,966 - INFO -   Regular Transformation Quality: 0.9364
2025-03-16 12:10:39,968 - INFO -   Enhanced Backward Validation: 0.9537
2025-03-16 12:10:39,968 - INFO -   Enhanced Transformation Quality: 0.9292
2025-03-16 12:10:40,703 - INFO -   Direct embedding similarity: 0.8408
2025-03-16 12:10:40,704 - INFO -   Token pair similarity: 0.3040
2025-03-16 12:10:40,705 - INFO - 
Processing pair 2: rental Translation
2025-03-16 12:10:40,821 - INFO -   Loaded source model: repo-genmymodel-uml/data/9b2e0b1c-0754-4ee7-9953-c866f5cd32a6.xmi (uml)
2025-03-16 12:10:40,821 - INFO -   Loaded target model: repo-ecore-all/data/tue-mdse/ocl-dataset/dataset/repos/MDEGroup/MDEForge/mdeforge/githubmetamodels/rentalSansGmfAnnot.ecore (ecore)
2025-03-16 12:10:40,822 - INFO -   Generating embeddings for models...
2025-03-16 12:10:41,137 - INFO -   Converted source model to 7 token pairs
2025-03-16 12:10:41,138 - INFO -   Converted target model to 7 token pairs
2025-03-16 12:10:41,138 - INFO -   Created 1 transformation rules
2025-03-16 12:10:43,636 - INFO -   Regular Forward Validation: 0.9048
2025-03-16 12:10:43,637 - INFO -   Regular Backward Validation: 0.9680
2025-03-16 12:10:43,637 - INFO -   Regular Transformation Quality: 0.9364
2025-03-16 12:10:43,637 - INFO -   Enhanced Backward Validation: 0.9653
2025-03-16 12:10:43,638 - INFO -   Enhanced Transformation Quality: 0.9351
2025-03-16 12:10:43,933 - INFO -   Direct embedding similarity: 0.9184
2025-03-16 12:10:43,934 - INFO -   Token pair similarity: 0.3040
2025-03-16 12:10:43,935 - INFO - 
Processing pair 3: rental Translation
2025-03-16 12:10:43,954 - INFO -   Loaded source model: repo-genmymodel-uml/data/9b2e0b1c-0754-4ee7-9953-c866f5cd32a6.xmi (uml)
2025-03-16 12:10:43,954 - INFO -   Loaded target model: repo-ecore-all/data/tue-mdse/ocl-dataset/dataset/repos/MDEGroup/MDEForge/mdeforge/githubmetamodels/rental.ecore (ecore)
2025-03-16 12:10:43,955 - INFO -   Generating embeddings for models...
2025-03-16 12:10:44,215 - INFO -   Converted source model to 7 token pairs
2025-03-16 12:10:44,215 - INFO -   Converted target model to 7 token pairs
2025-03-16 12:10:44,216 - INFO -   Created 1 transformation rules
2025-03-16 12:10:46,296 - INFO -   Regular Forward Validation: 0.9048
2025-03-16 12:10:46,296 - INFO -   Regular Backward Validation: 0.9680
2025-03-16 12:10:46,297 - INFO -   Regular Transformation Quality: 0.9364
2025-03-16 12:10:46,297 - INFO -   Enhanced Backward Validation: 0.9659
2025-03-16 12:10:46,297 - INFO -   Enhanced Transformation Quality: 0.9353
2025-03-16 12:10:46,554 - INFO -   Direct embedding similarity: 0.9219
2025-03-16 12:10:46,555 - INFO -   Token pair similarity: 0.3040
2025-03-16 12:10:46,556 - INFO - 
Processing pair 4: rental Translation
2025-03-16 12:10:46,579 - INFO -   Loaded source model: repo-genmymodel-uml/data/9b2e0b1c-0754-4ee7-9953-c866f5cd32a6.xmi (uml)
2025-03-16 12:10:46,579 - INFO -   Loaded target model: repo-ecore-all/data/sunwuliang/SlicingProject2.0/ClassModelSlicing/ecores/CarRental.ecore (ecore)
2025-03-16 12:10:46,580 - INFO -   Generating embeddings for models...
2025-03-16 12:10:46,821 - INFO -   Converted source model to 7 token pairs
2025-03-16 12:10:46,822 - INFO -   Converted target model to 7 token pairs
2025-03-16 12:10:46,822 - INFO -   Created 1 transformation rules
2025-03-16 12:10:48,793 - INFO -   Regular Forward Validation: 0.9048
2025-03-16 12:10:48,793 - INFO -   Regular Backward Validation: 0.9680
2025-03-16 12:10:48,794 - INFO -   Regular Transformation Quality: 0.9364
2025-03-16 12:10:48,794 - INFO -   Enhanced Backward Validation: 0.9654
2025-03-16 12:10:48,794 - INFO -   Enhanced Transformation Quality: 0.9351
2025-03-16 12:10:48,994 - INFO -   Direct embedding similarity: 0.9189
2025-03-16 12:10:48,995 - INFO -   Token pair similarity: 0.3040
2025-03-16 12:10:48,995 - INFO - 
Processing pair 5: rental Translation
2025-03-16 12:10:48,998 - INFO -   Loaded source model: repo-genmymodel-uml/data/9b2e0b1c-0754-4ee7-9953-c866f5cd32a6.xmi (uml)
2025-03-16 12:10:48,998 - INFO -   Loaded target model: repo-ecore-all/data/przigoda/model-finder/de.agra.emf.modelfinder.applications.debugging.tests/models/use-models/CarRental2.ecore (ecore)
2025-03-16 12:10:48,998 - INFO -   Generating embeddings for models...
2025-03-16 12:10:49,238 - INFO -   Converted source model to 7 token pairs
2025-03-16 12:10:49,239 - INFO -   Converted target model to 7 token pairs
2025-03-16 12:10:49,239 - INFO -   Created 1 transformation rules
2025-03-16 12:10:51,104 - INFO -   Regular Forward Validation: 0.9048
2025-03-16 12:10:51,105 - INFO -   Regular Backward Validation: 0.9680
2025-03-16 12:10:51,105 - INFO -   Regular Transformation Quality: 0.9364
2025-03-16 12:10:51,105 - INFO -   Enhanced Backward Validation: 0.9543
2025-03-16 12:10:51,106 - INFO -   Enhanced Transformation Quality: 0.9295
2025-03-16 12:10:51,327 - INFO -   Direct embedding similarity: 0.8447
2025-03-16 12:10:51,328 - INFO -   Token pair similarity: 0.3040
2025-03-16 12:10:51,332 - INFO - Results saved to results\embedding_enhanced_experiment.json
2025-03-16 12:10:51,863 - INFO - Quality comparison chart saved to results\figures\quality_comparison.png
2025-03-16 12:10:51,985 - INFO - Running comparison experiment with modelset=./modelset-dataset
2025-03-16 12:10:51,986 - INFO - 
Running Detailed Comparison Experiment...
2025-03-16 12:10:51,986 - INFO - Initializing components...
2025-03-16 12:10:53,352 - INFO - Components initialized
2025-03-16 12:10:53,352 - INFO - Getting transformation pairs...
2025-03-16 12:10:53,355 - INFO - Found 10 transformation pairs (5 translation, 5 revision)
2025-03-16 12:10:53,356 - INFO - 
Processing pair 1: rental Translation (translation)
2025-03-16 12:10:53,357 - INFO -   Loaded source model: repo-genmymodel-uml/data/9b2e0b1c-0754-4ee7-9953-c866f5cd32a6.xmi (uml)
2025-03-16 12:10:53,358 - INFO -   Loaded target model: repo-ecore-all/data/artist-project/ARTIST/source/Tooling/migration/application-discovery-understanding/MUT/Component_Viewpoint_MOMoT/org.eclipse.emf.henshin.examples/src/org/eclipse/emf/henshin/examples/ecore2rdb/CarRental.ecore (ecore)
2025-03-16 12:10:53,358 - INFO -   Generating embeddings for models...
2025-03-16 12:10:53,765 - INFO -   Direct embedding similarity: 0.8408
2025-03-16 12:10:53,766 - INFO -   Created 1 transformation rules
2025-03-16 12:10:56,116 - INFO -   Regular Forward Validation: 0.9048
2025-03-16 12:10:56,116 - INFO -   Regular Backward Validation: 0.9680
2025-03-16 12:10:56,117 - INFO -   Regular Transformation Quality: 0.9364
2025-03-16 12:10:56,117 - INFO -   Enhanced Backward Validation: 0.9537
2025-03-16 12:10:56,118 - INFO -   Enhanced Transformation Quality: 0.9292
2025-03-16 12:10:56,119 - INFO -   Improvement: -0.71%
2025-03-16 12:10:56,119 - INFO - 
Processing pair 2: rental Translation (translation)
2025-03-16 12:10:56,121 - INFO -   Loaded source model: repo-genmymodel-uml/data/9b2e0b1c-0754-4ee7-9953-c866f5cd32a6.xmi (uml)
2025-03-16 12:10:56,124 - INFO -   Loaded target model: repo-ecore-all/data/tue-mdse/ocl-dataset/dataset/repos/MDEGroup/MDEForge/mdeforge/githubmetamodels/rentalSansGmfAnnot.ecore (ecore)
2025-03-16 12:10:56,124 - INFO -   Generating embeddings for models...
2025-03-16 12:10:56,688 - INFO -   Direct embedding similarity: 0.9184
2025-03-16 12:10:56,690 - INFO -   Created 1 transformation rules
2025-03-16 12:10:58,983 - INFO -   Regular Forward Validation: 0.9048
2025-03-16 12:10:58,984 - INFO -   Regular Backward Validation: 0.9680
2025-03-16 12:10:58,985 - INFO -   Regular Transformation Quality: 0.9364
2025-03-16 12:10:58,986 - INFO -   Enhanced Backward Validation: 0.9653
2025-03-16 12:10:58,986 - INFO -   Enhanced Transformation Quality: 0.9351
2025-03-16 12:10:58,986 - INFO -   Improvement: -0.13%
2025-03-16 12:10:58,987 - INFO - 
Processing pair 3: rental Translation (translation)
2025-03-16 12:10:58,991 - INFO -   Loaded source model: repo-genmymodel-uml/data/9b2e0b1c-0754-4ee7-9953-c866f5cd32a6.xmi (uml)
2025-03-16 12:10:58,992 - INFO -   Loaded target model: repo-ecore-all/data/tue-mdse/ocl-dataset/dataset/repos/MDEGroup/MDEForge/mdeforge/githubmetamodels/rental.ecore (ecore)
2025-03-16 12:10:58,992 - INFO -   Generating embeddings for models...
2025-03-16 12:10:59,617 - INFO -   Direct embedding similarity: 0.9219
2025-03-16 12:10:59,618 - INFO -   Created 1 transformation rules
2025-03-16 12:11:01,762 - INFO -   Regular Forward Validation: 0.9048
2025-03-16 12:11:01,763 - INFO -   Regular Backward Validation: 0.9680
2025-03-16 12:11:01,763 - INFO -   Regular Transformation Quality: 0.9364
2025-03-16 12:11:01,763 - INFO -   Enhanced Backward Validation: 0.9659
2025-03-16 12:11:01,764 - INFO -   Enhanced Transformation Quality: 0.9353
2025-03-16 12:11:01,764 - INFO -   Improvement: -0.11%
2025-03-16 12:11:01,764 - INFO - 
Processing pair 4: rental Translation (translation)
2025-03-16 12:11:01,767 - INFO -   Loaded source model: repo-genmymodel-uml/data/9b2e0b1c-0754-4ee7-9953-c866f5cd32a6.xmi (uml)
2025-03-16 12:11:01,767 - INFO -   Loaded target model: repo-ecore-all/data/sunwuliang/SlicingProject2.0/ClassModelSlicing/ecores/CarRental.ecore (ecore)
2025-03-16 12:11:01,768 - INFO -   Generating embeddings for models...
2025-03-16 12:11:02,208 - INFO -   Direct embedding similarity: 0.9189
2025-03-16 12:11:02,209 - INFO -   Created 1 transformation rules
2025-03-16 12:11:04,121 - INFO -   Regular Forward Validation: 0.9048
2025-03-16 12:11:04,122 - INFO -   Regular Backward Validation: 0.9680
2025-03-16 12:11:04,122 - INFO -   Regular Transformation Quality: 0.9364
2025-03-16 12:11:04,124 - INFO -   Enhanced Backward Validation: 0.9654
2025-03-16 12:11:04,124 - INFO -   Enhanced Transformation Quality: 0.9351
2025-03-16 12:11:04,125 - INFO -   Improvement: -0.13%
2025-03-16 12:11:04,125 - INFO - 
Processing pair 5: rental Translation (translation)
2025-03-16 12:11:04,127 - INFO -   Loaded source model: repo-genmymodel-uml/data/9b2e0b1c-0754-4ee7-9953-c866f5cd32a6.xmi (uml)
2025-03-16 12:11:04,129 - INFO -   Loaded target model: repo-ecore-all/data/przigoda/model-finder/de.agra.emf.modelfinder.applications.debugging.tests/models/use-models/CarRental2.ecore (ecore)
2025-03-16 12:11:04,129 - INFO -   Generating embeddings for models...
2025-03-16 12:11:04,630 - INFO -   Direct embedding similarity: 0.8447
2025-03-16 12:11:04,631 - INFO -   Created 1 transformation rules
2025-03-16 12:11:06,538 - INFO -   Regular Forward Validation: 0.9048
2025-03-16 12:11:06,538 - INFO -   Regular Backward Validation: 0.9680
2025-03-16 12:11:06,539 - INFO -   Regular Transformation Quality: 0.9364
2025-03-16 12:11:06,539 - INFO -   Enhanced Backward Validation: 0.9543
2025-03-16 12:11:06,540 - INFO -   Enhanced Transformation Quality: 0.9295
2025-03-16 12:11:06,540 - INFO -   Improvement: -0.68%
2025-03-16 12:11:06,540 - INFO - 
Processing pair 6: travel Revision (revision)
2025-03-16 12:11:06,586 - INFO -   Loaded source model: repo-genmymodel-uml/data/64d73a9a-d42d-4090-b6ce-9496e444dcf0.xmi (uml)
2025-03-16 12:11:06,587 - INFO -   Loaded target model: repo-genmymodel-uml/data/81785248-09b5-44cc-8994-1cd0c8b6a645.xmi (uml)
2025-03-16 12:11:06,587 - INFO -   Generating embeddings for models...
2025-03-16 12:11:08,020 - INFO -   Direct embedding similarity: 0.9538
2025-03-16 12:11:08,021 - INFO -   Created 3 transformation rules
2025-03-16 12:11:10,080 - INFO -   Regular Forward Validation: 0.9411
2025-03-16 12:11:10,080 - INFO -   Regular Backward Validation: 0.9578
2025-03-16 12:11:10,081 - INFO -   Regular Transformation Quality: 0.9453
2025-03-16 12:11:10,081 - INFO -   Enhanced Backward Validation: 0.9635
2025-03-16 12:11:10,081 - INFO -   Enhanced Transformation Quality: 0.9467
2025-03-16 12:11:10,081 - INFO -   Improvement: 0.14%
2025-03-16 12:11:10,082 - INFO - 
Processing pair 7: travel Revision (revision)
2025-03-16 12:11:10,101 - INFO -   Loaded source model: repo-genmymodel-uml/data/81785248-09b5-44cc-8994-1cd0c8b6a645.xmi (uml)
2025-03-16 12:11:10,101 - INFO -   Loaded target model: repo-genmymodel-uml/data/b1c6694b-7781-427b-a027-669a32b60e35.xmi (uml)
2025-03-16 12:11:10,102 - INFO -   Generating embeddings for models...
2025-03-16 12:11:11,385 - INFO -   Direct embedding similarity: 0.9380
2025-03-16 12:11:11,386 - INFO -   Created 3 transformation rules
2025-03-16 12:11:14,639 - INFO -   Regular Forward Validation: 0.9385
2025-03-16 12:11:14,640 - INFO -   Regular Backward Validation: 0.8938
2025-03-16 12:11:14,640 - INFO -   Regular Transformation Quality: 0.9274
2025-03-16 12:11:14,641 - INFO -   Enhanced Backward Validation: 0.9164
2025-03-16 12:11:14,641 - INFO -   Enhanced Transformation Quality: 0.9330
2025-03-16 12:11:14,641 - INFO -   Improvement: 0.56%
2025-03-16 12:11:14,642 - INFO - 
Processing pair 8: travel Revision (revision)
2025-03-16 12:11:14,667 - INFO -   Loaded source model: repo-genmymodel-uml/data/b1c6694b-7781-427b-a027-669a32b60e35.xmi (uml)
2025-03-16 12:11:14,668 - INFO -   Loaded target model: repo-genmymodel-uml/data/3286a981-cc46-400c-bdf7-8f24285a8ca3.xmi (uml)
2025-03-16 12:11:14,670 - INFO -   Generating embeddings for models...
2025-03-16 12:11:16,190 - INFO -   Direct embedding similarity: 0.8711
2025-03-16 12:11:16,191 - INFO -   Created 3 transformation rules
2025-03-16 12:11:18,465 - INFO -   Regular Forward Validation: 0.9406
2025-03-16 12:11:18,466 - INFO -   Regular Backward Validation: 0.9584
2025-03-16 12:11:18,469 - INFO -   Regular Transformation Quality: 0.9450
2025-03-16 12:11:18,470 - INFO -   Enhanced Backward Validation: 0.9516
2025-03-16 12:11:18,471 - INFO -   Enhanced Transformation Quality: 0.9433
2025-03-16 12:11:18,471 - INFO -   Improvement: -0.17%
2025-03-16 12:11:18,472 - INFO - 
Processing pair 9: travel Revision (revision)
2025-03-16 12:11:18,500 - INFO -   Loaded source model: repo-genmymodel-uml/data/3286a981-cc46-400c-bdf7-8f24285a8ca3.xmi (uml)
2025-03-16 12:11:18,503 - INFO -   Loaded target model: repo-genmymodel-uml/data/21dc1a19-77da-4bec-a72a-c5e20fbef990.xmi (uml)
2025-03-16 12:11:18,504 - INFO -   Generating embeddings for models...
2025-03-16 12:11:20,435 - INFO -   Direct embedding similarity: 0.8757
2025-03-16 12:11:20,436 - INFO -   Created 3 transformation rules
2025-03-16 12:11:22,978 - INFO -   Regular Forward Validation: 0.9419
2025-03-16 12:11:22,979 - INFO -   Regular Backward Validation: 0.9565
2025-03-16 12:11:22,980 - INFO -   Regular Transformation Quality: 0.9455
2025-03-16 12:11:22,980 - INFO -   Enhanced Backward Validation: 0.9509
2025-03-16 12:11:22,981 - INFO -   Enhanced Transformation Quality: 0.9441
2025-03-16 12:11:22,981 - INFO -   Improvement: -0.14%
2025-03-16 12:11:22,981 - INFO - 
Processing pair 10: travel Revision (revision)
2025-03-16 12:11:23,009 - INFO -   Loaded source model: repo-genmymodel-uml/data/21dc1a19-77da-4bec-a72a-c5e20fbef990.xmi (uml)
2025-03-16 12:11:23,009 - INFO -   Loaded target model: repo-genmymodel-uml/data/c048477c-aa54-473d-9b08-2884b6cfc772.xmi (uml)
2025-03-16 12:11:23,010 - INFO -   Generating embeddings for models...
2025-03-16 12:11:24,978 - INFO -   Direct embedding similarity: 0.9896
2025-03-16 12:11:24,980 - INFO -   Created 3 transformation rules
2025-03-16 12:11:29,337 - INFO -   Regular Forward Validation: 0.9381
2025-03-16 12:11:29,339 - INFO -   Regular Backward Validation: 0.8929
2025-03-16 12:11:29,339 - INFO -   Regular Transformation Quality: 0.9268
2025-03-16 12:11:29,340 - INFO -   Enhanced Backward Validation: 0.9235
2025-03-16 12:11:29,340 - INFO -   Enhanced Transformation Quality: 0.9344
2025-03-16 12:11:29,341 - INFO -   Improvement: 0.76%
2025-03-16 12:11:29,345 - INFO - Results saved to results\detailed_comparison.json
2025-03-16 12:11:30,157 - INFO - Type comparison chart saved to results\figures\type_comparison.png
2025-03-16 12:11:30,364 - INFO - 
================================================================================
2025-03-16 12:11:30,367 - INFO - Experiments complete! Results saved in results
2025-03-16 12:11:30,367 - INFO - ================================================================================
2025-03-16 12:11:30,368 - INFO - Figures saved in results\figures
2025-03-16 12:11:30,369 - INFO - ================================================================================
2025-03-16 12:11:30,369 - INFO - Script execution completed
