2025-03-16 01:59:19,180 - INFO - Starting embedding experiments script
2025-03-16 01:59:29,972 - INFO - Successfully imported custom modules
2025-03-16 01:59:29,973 - INFO - Script called from command line
2025-03-16 01:59:29,973 - INFO - Parsing arguments...
2025-03-16 01:59:29,976 - INFO - ================================================================================
2025-03-16 01:59:29,977 - INFO - Embedding-Enhanced Token Pair Bidirectional Validation
2025-03-16 01:59:29,977 - INFO - ================================================================================
2025-03-16 01:59:29,979 - INFO - Arguments: {'modelset': './modelset-dataset', 'output': 'results', 'experiment': 'basic', 'domain': None, 'limit': 5}
2025-03-16 01:59:29,979 - INFO - Creating output directory: results
2025-03-16 01:59:29,980 - INFO - Creating figures directory: results\figures
2025-03-16 01:59:29,981 - INFO - Running basic experiment with modelset=./modelset-dataset
2025-03-16 01:59:29,981 - INFO - 
Running Embedding-Enhanced Basic Experiment...
2025-03-16 01:59:29,981 - INFO - Initializing components...
2025-03-16 01:59:34,572 - INFO - Components initialized
2025-03-16 01:59:34,572 - INFO - Getting transformation pairs...
2025-03-16 01:59:34,574 - INFO - Found 5 transformation pairs
2025-03-16 01:59:34,574 - INFO - 
Processing pair 1: library Translation
2025-03-16 01:59:34,578 - INFO -   Loaded source model: repo-genmymodel-uml/data/b7b2f9c0-eada-4d61-996c-65d45706e3f2.xmi (uml)
2025-03-16 01:59:34,579 - INFO -   Loaded target model: repo-ecore-all/data/PSI-Polska/teneo/hibernate/org.eclipse.emf.teneo.hibernate.examples/model/extlibrary.ecore (ecore)
2025-03-16 01:59:34,579 - INFO -   Generating embeddings for models...
2025-03-16 01:59:34,983 - INFO -   Converted source model to 7 token pairs
2025-03-16 01:59:34,983 - INFO -   Converted target model to 7 token pairs
2025-03-16 01:59:34,984 - INFO -   Created 1 transformation rules
2025-03-16 01:59:37,843 - INFO -   Regular Forward Validation: 0.9053
2025-03-16 01:59:37,844 - INFO -   Regular Backward Validation: 0.9748
2025-03-16 01:59:37,844 - INFO -   Regular Transformation Quality: 0.9400
2025-03-16 01:59:37,844 - INFO -   Enhanced Backward Validation: 0.9707
2025-03-16 01:59:37,844 - INFO -   Enhanced Transformation Quality: 0.9380
2025-03-16 01:59:38,195 - INFO -   Direct embedding similarity: 0.9225
2025-03-16 01:59:38,196 - INFO -   Token pair similarity: 0.3040
2025-03-16 01:59:38,196 - INFO - 
Processing pair 2: library Translation
2025-03-16 01:59:38,199 - INFO -   Loaded source model: repo-genmymodel-uml/data/b7b2f9c0-eada-4d61-996c-65d45706e3f2.xmi (uml)
2025-03-16 01:59:38,199 - INFO -   Loaded target model: repo-ecore-all/data/eclipse/emf.compare/plugins/org.eclipse.emf.compare.rcp.ui.tests/src/org/eclipse/emf/compare/rcp/ui/tests/contentmergeviewer/accessor/match/data/right.ecore (ecore)
2025-03-16 01:59:38,200 - INFO -   Generating embeddings for models...
2025-03-16 01:59:38,603 - INFO -   Converted source model to 7 token pairs
2025-03-16 01:59:38,604 - INFO -   Converted target model to 7 token pairs
2025-03-16 01:59:38,604 - INFO -   Created 1 transformation rules
2025-03-16 01:59:41,291 - INFO -   Regular Forward Validation: 0.9053
2025-03-16 01:59:41,292 - INFO -   Regular Backward Validation: 0.9748
2025-03-16 01:59:41,292 - INFO -   Regular Transformation Quality: 0.9400
2025-03-16 01:59:41,292 - INFO -   Enhanced Backward Validation: 0.9632
2025-03-16 01:59:41,292 - INFO -   Enhanced Transformation Quality: 0.9342
2025-03-16 01:59:41,660 - INFO -   Direct embedding similarity: 0.8726
2025-03-16 01:59:41,660 - INFO -   Token pair similarity: 0.3040
2025-03-16 01:59:41,661 - INFO - 
Processing pair 3: library Translation
2025-03-16 01:59:41,662 - INFO -   Loaded source model: repo-genmymodel-uml/data/b7b2f9c0-eada-4d61-996c-65d45706e3f2.xmi (uml)
2025-03-16 01:59:41,662 - INFO -   Loaded target model: repo-ecore-all/data/Vinayakatk/FormSection/my.generator.project/src/metamodel/Library.ecore (ecore)
2025-03-16 01:59:41,663 - INFO -   Generating embeddings for models...
2025-03-16 01:59:42,002 - INFO -   Converted source model to 7 token pairs
2025-03-16 01:59:42,003 - INFO -   Converted target model to 7 token pairs
2025-03-16 01:59:42,004 - INFO -   Created 1 transformation rules
2025-03-16 01:59:44,748 - INFO -   Regular Forward Validation: 0.9053
2025-03-16 01:59:44,749 - INFO -   Regular Backward Validation: 0.9748
2025-03-16 01:59:44,749 - INFO -   Regular Transformation Quality: 0.9400
2025-03-16 01:59:44,749 - INFO -   Enhanced Backward Validation: 0.9648
2025-03-16 01:59:44,749 - INFO -   Enhanced Transformation Quality: 0.9350
2025-03-16 01:59:45,123 - INFO -   Direct embedding similarity: 0.8833
2025-03-16 01:59:45,125 - INFO -   Token pair similarity: 0.3040
2025-03-16 01:59:45,125 - INFO - 
Processing pair 4: library Translation
2025-03-16 01:59:45,128 - INFO -   Loaded source model: repo-genmymodel-uml/data/b7b2f9c0-eada-4d61-996c-65d45706e3f2.xmi (uml)
2025-03-16 01:59:45,129 - INFO -   Loaded target model: repo-ecore-all/data/tue-mdse/ocl-dataset/dataset/repos/MDEGroup/MDEForge/mdeforge/githubmetamodels/Copy of library.ecore (ecore)
2025-03-16 01:59:45,129 - INFO -   Generating embeddings for models...
2025-03-16 01:59:45,453 - INFO -   Converted source model to 7 token pairs
2025-03-16 01:59:45,453 - INFO -   Converted target model to 7 token pairs
2025-03-16 01:59:45,454 - INFO -   Created 1 transformation rules
2025-03-16 01:59:48,184 - INFO -   Regular Forward Validation: 0.9053
2025-03-16 01:59:48,185 - INFO -   Regular Backward Validation: 0.9748
2025-03-16 01:59:48,186 - INFO -   Regular Transformation Quality: 0.9400
2025-03-16 01:59:48,186 - INFO -   Enhanced Backward Validation: 0.9693
2025-03-16 01:59:48,186 - INFO -   Enhanced Transformation Quality: 0.9373
2025-03-16 01:59:48,497 - INFO -   Direct embedding similarity: 0.9131
2025-03-16 01:59:48,498 - INFO -   Token pair similarity: 0.3040
2025-03-16 01:59:48,498 - INFO - 
Processing pair 5: library Translation
2025-03-16 01:59:48,501 - INFO -   Loaded source model: repo-genmymodel-uml/data/b7b2f9c0-eada-4d61-996c-65d45706e3f2.xmi (uml)
2025-03-16 01:59:48,501 - INFO -   Loaded target model: repo-ecore-all/data/shresthap/clubuml2013/trunk/Display Diagram/Upload_And_Display_UML/WebContent/test_ecore/library.ecore (ecore)
2025-03-16 01:59:48,501 - INFO -   Generating embeddings for models...
2025-03-16 01:59:48,876 - INFO -   Converted source model to 7 token pairs
2025-03-16 01:59:48,877 - INFO -   Converted target model to 7 token pairs
2025-03-16 01:59:48,878 - INFO -   Created 1 transformation rules
2025-03-16 01:59:51,625 - INFO -   Regular Forward Validation: 0.9053
2025-03-16 01:59:51,626 - INFO -   Regular Backward Validation: 0.9748
2025-03-16 01:59:51,626 - INFO -   Regular Transformation Quality: 0.9400
2025-03-16 01:59:51,627 - INFO -   Enhanced Backward Validation: 0.9649
2025-03-16 01:59:51,627 - INFO -   Enhanced Transformation Quality: 0.9351
2025-03-16 01:59:51,984 - INFO -   Direct embedding similarity: 0.8839
2025-03-16 01:59:51,986 - INFO -   Token pair similarity: 0.3040
2025-03-16 01:59:51,990 - INFO - Results saved to results\embedding_enhanced_experiment.json
2025-03-16 01:59:52,569 - INFO - Quality comparison chart saved to results\figures\quality_comparison.png
2025-03-16 01:59:52,755 - INFO - 
================================================================================
2025-03-16 01:59:52,756 - INFO - Experiments complete! Results saved in results
2025-03-16 01:59:52,756 - INFO - ================================================================================
2025-03-16 01:59:52,757 - INFO - Figures saved in results\figures
2025-03-16 01:59:52,757 - INFO - ================================================================================
2025-03-16 01:59:52,757 - INFO - Script execution completed
